<?xml version="1.0" encoding="UTF-8"?>
<Site BuildName="Darwin-clang++"
	BuildStamp="20210413-1053-Experimental"
	Name="zhangxindeMacBook-Pro.local"
	Generator="ctest-3.17.2"
	CompilerName="/usr/bin/clang++"
	CompilerVersion="11.0.0.11000033"
	OSName="Mac OS X"
	Hostname="zhangxindeMacBook-Pro.local"
	OSRelease="10.15.4"
	OSVersion="19E2269"
	OSPlatform="x86_64"
	Is64Bits="1"
	VendorString="GenuineIntel"
	VendorID="Intel Corporation"
	FamilyID="6"
	ModelID="126"
	ProcessorCacheSize="32768"
	NumberOfLogicalCPU="8"
	NumberOfPhysicalCPU="4"
	TotalVirtualMemory="0"
	TotalPhysicalMemory="16384"
	LogicalProcessorsPerPhysical="8"
	ProcessorClockFrequency="2000"
	>
	<Testing>
		<StartDateTime>Apr 13 18:53 CST</StartDateTime>
		<StartTestTime>1618311201</StartTestTime>
		<TestList/>
		<EndDateTime>Apr 13 18:53 CST</EndDateTime>
		<EndTestTime>1618311201</EndTestTime>
		<ElapsedMinutes>0</ElapsedMinutes>
	</Testing>
</Site>
